{
  "stats": {
    "suites": 1,
    "tests": 8,
    "passes": 8,
    "pending": 0,
    "failures": 0,
    "start": "2022-09-27T17:53:14.401Z",
    "end": "2022-09-27T17:53:23.305Z",
    "duration": 8904,
    "testsRegistered": 8,
    "passPercent": 100,
    "pendingPercent": 0,
    "other": 0,
    "hasOther": false,
    "skipped": 0,
    "hasSkipped": false
  },
  "results": [
    {
      "uuid": "b816cac2-f90c-4d9b-ac3a-62348c951d24",
      "title": "",
      "fullFile": "cypress\\e2e\\caseStudy\\testcase1.cy.js",
      "file": "cypress\\e2e\\caseStudy\\testcase1.cy.js",
      "beforeHooks": [],
      "afterHooks": [],
      "tests": [],
      "suites": [
        {
          "uuid": "8ee1cc5d-b9fa-45c1-a51b-528d9b717d78",
          "title": "registration",
          "fullFile": "",
          "file": "",
          "beforeHooks": [],
          "afterHooks": [],
          "tests": [
            {
              "title": "click on registration button",
              "fullTitle": "registration click on registration button",
              "timedOut": null,
              "duration": 1723,
              "state": "passed",
              "speed": "fast",
              "pass": true,
              "fail": false,
              "pending": false,
              "context": null,
              "code": "cy.visit(\"https://demo.nopcommerce.com/\");\nhomepage.Registorbtn().click();",
              "err": {},
              "uuid": "309a8d06-ae73-4a24-ab7a-ecc74291f5db",
              "parentUUID": "8ee1cc5d-b9fa-45c1-a51b-528d9b717d78",
              "isHook": false,
              "skipped": false
            },
            {
              "title": "select gender",
              "fullTitle": "registration select gender",
              "timedOut": null,
              "duration": 191,
              "state": "passed",
              "speed": "fast",
              "pass": true,
              "fail": false,
              "pending": false,
              "context": null,
              "code": "registorpage.getGender().check().should('be.checked');",
              "err": {},
              "uuid": "a2f27c40-3481-4127-bd6c-fde6e273c15e",
              "parentUUID": "8ee1cc5d-b9fa-45c1-a51b-528d9b717d78",
              "isHook": false,
              "skipped": false
            },
            {
              "title": "enter first name",
              "fullTitle": "registration enter first name",
              "timedOut": null,
              "duration": 306,
              "state": "passed",
              "speed": "fast",
              "pass": true,
              "fail": false,
              "pending": false,
              "context": null,
              "code": "registorpage.getfirstname().type('aakash');",
              "err": {},
              "uuid": "0fa9df41-2da6-467a-8835-27bd0b1104e0",
              "parentUUID": "8ee1cc5d-b9fa-45c1-a51b-528d9b717d78",
              "isHook": false,
              "skipped": false
            },
            {
              "title": "enter last name",
              "fullTitle": "registration enter last name",
              "timedOut": null,
              "duration": 302,
              "state": "passed",
              "speed": "fast",
              "pass": true,
              "fail": false,
              "pending": false,
              "context": null,
              "code": "registorpage.getlastname().type('lathian');",
              "err": {},
              "uuid": "f3321d6e-876b-4d7e-8253-faabff1c649d",
              "parentUUID": "8ee1cc5d-b9fa-45c1-a51b-528d9b717d78",
              "isHook": false,
              "skipped": false
            },
            {
              "title": "enter email",
              "fullTitle": "registration enter email",
              "timedOut": null,
              "duration": 518,
              "state": "passed",
              "speed": "fast",
              "pass": true,
              "fail": false,
              "pending": false,
              "context": null,
              "code": "registorpage.getEmail().type('akash17898@gmail.com');",
              "err": {},
              "uuid": "ded66247-c54d-46e0-8c05-0686edd11b7e",
              "parentUUID": "8ee1cc5d-b9fa-45c1-a51b-528d9b717d78",
              "isHook": false,
              "skipped": false
            },
            {
              "title": "enter company name",
              "fullTitle": "registration enter company name",
              "timedOut": null,
              "duration": 329,
              "state": "passed",
              "speed": "fast",
              "pass": true,
              "fail": false,
              "pending": false,
              "context": null,
              "code": "registorpage.getCompanyName().type('mindtree');",
              "err": {},
              "uuid": "3893c376-6840-4d70-9875-f52d6d85643d",
              "parentUUID": "8ee1cc5d-b9fa-45c1-a51b-528d9b717d78",
              "isHook": false,
              "skipped": false
            },
            {
              "title": "enter password",
              "fullTitle": "registration enter password",
              "timedOut": null,
              "duration": 559,
              "state": "passed",
              "speed": "fast",
              "pass": true,
              "fail": false,
              "pending": false,
              "context": null,
              "code": "registorpage.getPassword().type('12345');\nregistorpage.getConfirmPassword().type('12345');\nexpect('12345').to.equal('12345');",
              "err": {},
              "uuid": "0e5ca562-efab-4651-b1d3-d9a0b0823e27",
              "parentUUID": "8ee1cc5d-b9fa-45c1-a51b-528d9b717d78",
              "isHook": false,
              "skipped": false
            },
            {
              "title": "click on register ",
              "fullTitle": "registration click on register ",
              "timedOut": null,
              "duration": 161,
              "state": "passed",
              "speed": "fast",
              "pass": true,
              "fail": false,
              "pending": false,
              "context": null,
              "code": "registorpage.getRegitorbtn().click();",
              "err": {},
              "uuid": "9f8ec477-a10d-4335-a56f-192dc8c0ad82",
              "parentUUID": "8ee1cc5d-b9fa-45c1-a51b-528d9b717d78",
              "isHook": false,
              "skipped": false
            }
          ],
          "suites": [],
          "passes": [
            "309a8d06-ae73-4a24-ab7a-ecc74291f5db",
            "a2f27c40-3481-4127-bd6c-fde6e273c15e",
            "0fa9df41-2da6-467a-8835-27bd0b1104e0",
            "f3321d6e-876b-4d7e-8253-faabff1c649d",
            "ded66247-c54d-46e0-8c05-0686edd11b7e",
            "3893c376-6840-4d70-9875-f52d6d85643d",
            "0e5ca562-efab-4651-b1d3-d9a0b0823e27",
            "9f8ec477-a10d-4335-a56f-192dc8c0ad82"
          ],
          "failures": [],
          "pending": [],
          "skipped": [],
          "duration": 4089,
          "root": false,
          "rootEmpty": false,
          "_timeout": 2000
        }
      ],
      "passes": [],
      "failures": [],
      "pending": [],
      "skipped": [],
      "duration": 0,
      "root": true,
      "rootEmpty": true,
      "_timeout": 2000
    }
  ],
  "meta": {
    "mocha": {
      "version": "7.0.1"
    },
    "mochawesome": {
      "options": {
        "quiet": false,
        "reportFilename": "mochawesome",
        "saveHtml": true,
        "saveJson": true,
        "consoleReporter": "spec",
        "useInlineDiffs": false,
        "code": true
      },
      "version": "7.1.3"
    },
    "marge": {
      "options": null,
      "version": "6.2.0"
    }
  }
}